17:29:14 **** Incremental Build of configuration Debug for project kokot ****
make -j12 all 
arm-none-eabi-gcc "../Core/Drivers/LPS22HB/lps22hb.c" -mcpu=cortex-m4 -std=gnu11 -g3 -DDEBUG -DSTM32F303x8 -DUSE_FULL_LL_DRIVER -DHSE_VALUE=8000000 -DHSE_STARTUP_TIMEOUT=100 -DLSE_STARTUP_TIMEOUT=5000 -DLSE_VALUE=32768 -DEXTERNAL_CLOCK_VALUE=8000000 -DHSI_VALUE=8000000 -DLSI_VALUE=40000 -DVDD_VALUE=3300 -DPREFETCH_ENABLE=1 -c -I../Core/Inc -I../Drivers/STM32F3xx_HAL_Driver/Inc -I../Drivers/CMSIS/Device/ST/STM32F3xx/Include -I../Drivers/CMSIS/Include -O0 -ffunction-sections -fdata-sections -Wall -fstack-usage -fcyclomatic-complexity -MMD -MP -MF"Core/Drivers/LPS22HB/lps22hb.d" -MT"Core/Drivers/LPS22HB/lps22hb.o" --specs=nano.specs -mfpu=fpv4-sp-d16 -mfloat-abi=hard -mthumb -o "Core/Drivers/LPS22HB/lps22hb.o"
../Core/Drivers/LPS22HB/lps22hb.c: In function 'lps22hb_get_pressure':
../Core/Drivers/LPS22HB/lps22hb.c:34:24: warning: passing argument 1 of 'lps22hb_read_bytes' from incompatible pointer type [-Wincompatible-pointer-types]
   34 |     lps22hb_read_bytes(&data,LPS22HB_REG_PRESS_OUT_XL,3);
      |                        ^~~~~
      |                        |
      |                        uint8_t (*)[3] {aka unsigned char (*)[3]}
../Core/Drivers/LPS22HB/lps22hb.c:14:34: note: expected 'uint8_t *' {aka 'unsigned char *'} but argument is of type 'uint8_t (*)[3]' {aka 'unsigned char (*)[3]'}
   14 | void lps22hb_read_bytes(uint8_t *data, uint8_t reg_address, uint8_t len){
      |                         ~~~~~~~~~^~~~
arm-none-eabi-gcc -o "kokot.elf" @"objects.list"   -mcpu=cortex-m4 -T"/home/laptop/school/VRS/kokot/STM32F303K8TX_FLASH.ld" --specs=nosys.specs -Wl,-Map="kokot.map" -Wl,--gc-sections -static --specs=nano.specs -mfpu=fpv4-sp-d16 -mfloat-abi=hard -mthumb -u _printf_float -Wl,--start-group -lc -lm -Wl,--end-group
/opt/st/stm32cubeide_1.13.2/plugins/com.st.stm32cube.ide.mcu.externaltools.gnu-tools-for-stm32.11.3.rel1.linux64_1.1.1.202309131626/tools/bin/../lib/gcc/arm-none-eabi/11.3.1/../../../../arm-none-eabi/bin/ld: ./Core/Src/main.o: in function `main':
/home/laptop/school/VRS/kokot/Debug/../Core/Src/main.c:132: undefined reference to `USART2_PutBuffer'
collect2: error: ld returned 1 exit status
make: *** [makefile:66: kokot.elf] Error 1
"make -j12 all" terminated with exit code 2. Build might be incomplete.
